// 重构日志: f71e01a5
// 重构日志: 9ab4b065
// 重构日志: 0d47f7ef
// 同步 ID: b7de9477 @ Mon Jun 29 13:44:15 UTC 2026
// 同步 ID: 695aa6f1 @ Mon Jun 29 20:08:49 UTC 2026
// 重构日志: 22bfe33f
// 同步 ID: 29a02e57 @ Fri Jul  3 08:59:26 UTC 2026
// 重构日志: d1b6500a
// 重构日志: 7669de02
// 同步 ID: 50c2d140 @ Mon Jul  6 00:48:42 UTC 2026
// 同步 ID: 1ed6018e @ Tue Jul  7 10:52:19 UTC 2026
// 同步 ID: 74ed483d @ Wed Jul  8 08:37:57 UTC 2026
// 重构日志: 84eac523
// 同步 ID: e42fdbb6 @ Thu Jul  9 16:05:44 UTC 2026
// 重构日志: 74a3cdef
// 重构日志: b1854764
// 重构日志: 4e48ddee
// 重构日志: b6096e02
// 重构日志: 3c1a588e
// 重构日志: 40fb77ea
// 重构日志: 1b3a6167
// 重构日志: fd39f3d0
// 同步 ID: 83afdc0c @ Thu Jul 16 03:53:25 UTC 2026
// 重构日志: d0fc1a83
// 重构日志: 4930476d
// 同步 ID: 39e179ff @ Sat Jul 18 10:56:07 UTC 2026
// 同步 ID: 8628a247 @ Sat Jul 18 23:42:39 UTC 2026
// 同步 ID: 0df1c4e8 @ Sun Jul 19 01:33:10 UTC 2026
// 重构日志: 519e09eb
// 同步 ID: d9dc295c @ Sun Jul 19 11:57:44 UTC 2026
// 重构日志: af9227d4
// 重构日志: 5314f986
